TN:
SF:/home/Compiler_Lab/lab2.1/Code/8.c
FN:14,pro801SAction
FN:35,pro802SAction
FN:47,pro803SAction
FN:64,pro804SAction
FN:78,pro805SAction
FN:91,pro806SAction
FN:104,initActionTable8
FNDA:0,pro801SAction
FNDA:0,pro802SAction
FNDA:0,pro803SAction
FNDA:0,pro804SAction
FNDA:0,pro805SAction
FNDA:0,pro806SAction
FNDA:2,initActionTable8
FNF:7
FNH:1
DA:14,0
DA:16,0
DA:18,0
DA:19,0
DA:20,0
DA:21,0
DA:23,0
DA:24,0
DA:26,0
DA:30,0
DA:32,0
DA:33,0
DA:35,0
DA:37,0
DA:38,0
DA:39,0
DA:40,0
DA:42,0
DA:43,0
DA:44,0
DA:45,0
DA:47,0
DA:49,0
DA:51,0
DA:52,0
DA:53,0
DA:54,0
DA:56,0
DA:57,0
DA:58,0
DA:59,0
DA:60,0
DA:61,0
DA:62,0
DA:64,0
DA:66,0
DA:67,0
DA:68,0
DA:69,0
DA:70,0
DA:71,0
DA:72,0
DA:74,0
DA:75,0
DA:76,0
DA:78,0
DA:80,0
DA:81,0
DA:82,0
DA:83,0
DA:84,0
DA:85,0
DA:87,0
DA:88,0
DA:89,0
DA:91,0
DA:93,0
DA:94,0
DA:95,0
DA:96,0
DA:97,0
DA:98,0
DA:100,0
DA:101,0
DA:102,0
DA:104,2
DA:106,2
DA:107,2
LF:68
LH:3
end_of_record
TN:
SF:/home/Compiler_Lab/lab2.1/Code/Pointer.c
FN:6,isChildProduction
FN:34,alloc
FN:62,overwrite
FN:82,noalloc
FN:97,dealloc
FN:116,printPointerLog
FNDA:10,isChildProduction
FNDA:50,alloc
FNDA:10,overwrite
FNDA:14,noalloc
FNDA:26,dealloc
FNDA:2,printPointerLog
FNF:6
FNH:6
DA:6,10
DA:8,10
DA:9,10
DA:11,0
DA:13,12
DA:15,12
DA:17,10
DA:20,0
DA:34,50
DA:36,50
DA:37,50
DA:38,50
DA:40,50
DA:41,50
DA:42,50
DA:43,50
DA:44,50
DA:45,50
DA:47,50
DA:49,2
DA:53,48
DA:54,648
DA:56,552
DA:58,48
DA:60,50
DA:62,10
DA:64,10
DA:65,10
DA:68,150
DA:70,150
DA:72,10
DA:73,10
DA:76,10
DA:78,10
DA:79,10
DA:80,10
DA:82,14
DA:85,180
DA:87,180
DA:89,14
DA:90,14
DA:91,14
DA:94,14
DA:95,14
DA:97,26
DA:99,26
DA:101,320
DA:103,320
DA:105,26
DA:106,26
DA:107,26
DA:109,26
DA:110,52
DA:113,0
DA:116,2
DA:119,52
DA:121,50
DA:123,2
LF:58
LH:55
end_of_record
TN:
SF:/home/Compiler_Lab/lab2.1/Code/10.c
FN:26,pro1001SAction
FN:36,pro1002SAction
FN:44,pro1006SAction
FN:53,pro1010SAction
FN:59,pro1011SAction
FN:65,pro1013SAction
FN:76,pro1014SAction
FN:82,pro1016SAction
FN:103,pro1019SAction
FN:126,initActionTable10
FNDA:0,pro1001SAction
FNDA:0,pro1002SAction
FNDA:0,pro1006SAction
FNDA:0,pro1010SAction
FNDA:0,pro1011SAction
FNDA:0,pro1013SAction
FNDA:0,pro1014SAction
FNDA:0,pro1016SAction
FNDA:0,pro1019SAction
FNDA:2,initActionTable10
FNF:10
FNH:1
DA:26,0
DA:29,0
DA:30,0
DA:31,0
DA:32,0
DA:33,0
DA:34,0
DA:36,0
DA:38,0
DA:39,0
DA:40,0
DA:41,0
DA:42,0
DA:44,0
DA:46,0
DA:47,0
DA:48,0
DA:49,0
DA:50,0
DA:51,0
DA:53,0
DA:55,0
DA:56,0
DA:57,0
DA:59,0
DA:61,0
DA:62,0
DA:63,0
DA:65,0
DA:67,0
DA:68,0
DA:69,0
DA:70,0
DA:71,0
DA:72,0
DA:73,0
DA:74,0
DA:76,0
DA:78,0
DA:79,0
DA:80,0
DA:82,0
DA:84,0
DA:85,0
DA:86,0
DA:87,0
DA:88,0
DA:89,0
DA:90,0
DA:91,0
DA:92,0
DA:93,0
DA:94,0
DA:101,0
DA:103,0
DA:105,0
DA:106,0
DA:107,0
DA:108,0
DA:109,0
DA:110,0
DA:111,0
DA:113,0
DA:114,0
DA:116,0
DA:117,0
DA:124,0
DA:126,2
DA:128,2
DA:129,2
LF:70
LH:3
end_of_record
TN:
SF:/home/Compiler_Lab/lab2.1/Code/syntax.tab.c
FN:858,yy_location_print_
FN:908,yy_symbol_value_print
FN:928,yy_symbol_print
FN:945,yy_stack_print
FN:968,yy_reduce_print
FN:1046,yystpcpy
FN:1068,yytnamerr
FN:1116,yysyntax_error
FN:1248,yydestruct
FN:1284,yyparse
FNDA:0,yy_location_print_
FNDA:0,yy_symbol_value_print
FNDA:0,yy_symbol_print
FNDA:0,yy_stack_print
FNDA:0,yy_reduce_print
FNDA:0,yystpcpy
FNDA:0,yytnamerr
FNDA:0,yysyntax_error
FNDA:4,yydestruct
FNDA:2,yyparse
FNF:10
FNH:2
DA:858,0
DA:860,0
DA:861,0
DA:862,0
DA:864,0
DA:865,0
DA:866,0
DA:868,0
DA:870,0
DA:872,0
DA:873,0
DA:874,0
DA:876,0
DA:877,0
DA:879,0
DA:908,0
DA:910,0
DA:913,0
DA:914,0
DA:928,0
DA:930,0
DA:933,0
DA:934,0
DA:935,0
DA:936,0
DA:937,0
DA:945,0
DA:947,0
DA:948,0
DA:950,0
DA:951,0
DA:953,0
DA:954,0
DA:968,0
DA:970,0
DA:971,0
DA:973,0
DA:976,0
DA:978,0
DA:979,0
DA:980,0
DA:981,0
DA:982,0
DA:983,0
DA:985,0
DA:1046,0
DA:1048,0
DA:1049,0
DA:1051,0
DA:1052,0
DA:1054,0
DA:1068,0
DA:1070,0
DA:1072,0
DA:1073,0
DA:1076,0
DA:1080,0
DA:1083,0
DA:1084,0
DA:1087,0
DA:1088,0
DA:1089,0
DA:1090,0
DA:1093,0
DA:1094,0
DA:1095,0
DA:1097,0
DA:1100,0
DA:1101,0
DA:1103,0
DA:1116,0
DA:1119,0
DA:1120,0
DA:1123,0
DA:1128,0
DA:1153,0
DA:1155,0
DA:1156,0
DA:1157,0
DA:1162,0
DA:1164,0
DA:1165,0
DA:1168,0
DA:1169,0
DA:1170,0
DA:1172,0
DA:1174,0
DA:1175,0
DA:1176,0
DA:1178,0
DA:1180,0
DA:1181,0
DA:1183,0
DA:1184,0
DA:1190,0
DA:1196,0
DA:1197,0
DA:1198,0
DA:1199,0
DA:1200,0
DA:1201,0
DA:1206,0
DA:1207,0
DA:1208,0
DA:1209,0
DA:1212,0
DA:1214,0
DA:1215,0
DA:1217,0
DA:1218,0
DA:1225,0
DA:1226,0
DA:1227,0
DA:1228,0
DA:1230,0
DA:1231,0
DA:1235,0
DA:1236,0
DA:1239,0
DA:1248,4
DA:1252,4
DA:1253,0
DA:1254,4
DA:1259,4
DA:1284,2
DA:1321,2
DA:1330,2
DA:1331,2
DA:1338,2
DA:1340,2
DA:1341,2
DA:1342,2
DA:1343,2
DA:1345,2
DA:1347,2
DA:1348,2
DA:1349,2
DA:1350,2
DA:1351,2
DA:1352,2
DA:1360,78
DA:1363,80
DA:1365,80
DA:1368,0
DA:1398,0
DA:1399,0
DA:1400,0
DA:1401,0
DA:1402,0
DA:1405,0
DA:1406,0
DA:1407,0
DA:1408,0
DA:1409,0
DA:1410,0
DA:1411,0
DA:1412,0
DA:1414,0
DA:1415,0
DA:1420,0
DA:1421,0
DA:1422,0
DA:1424,0
DA:1427,0
DA:1428,0
DA:1431,80
DA:1433,80
DA:1434,2
DA:1436,78
DA:1447,78
DA:1448,78
DA:1449,44
DA:1454,34
DA:1456,26
DA:1457,26
DA:1460,34
DA:1462,6
DA:1463,6
DA:1467,28
DA:1468,28
DA:1473,34
DA:1474,34
DA:1476,26
DA:1477,26
DA:1481,0
DA:1482,0
DA:1487,26
DA:1488,0
DA:1491,26
DA:1494,26
DA:1496,26
DA:1498,26
DA:1500,26
DA:1501,26
DA:1508,52
DA:1509,52
DA:1510,0
DA:1511,52
DA:1519,52
DA:1529,52
DA:1532,52
DA:1533,52
DA:1534,52
DA:1557,2
DA:1563,4
DA:1569,2
DA:1575,0
DA:1581,0
DA:1587,4
DA:1593,0
DA:1599,0
DA:1605,0
DA:1611,0
DA:1617,0
DA:1623,0
DA:1629,0
DA:1638,0
DA:1644,0
DA:1660,0
DA:1666,0
DA:1672,0
DA:1678,0
DA:1684,0
DA:1690,0
DA:1696,0
DA:1702,0
DA:1708,0
DA:1714,0
DA:1720,0
DA:1726,0
DA:1732,0
DA:1738,0
DA:1744,2
DA:1750,2
DA:1756,4
DA:1762,2
DA:1768,4
DA:1774,4
DA:1780,2
DA:1786,2
DA:1792,4
DA:1798,4
DA:1804,0
DA:1810,2
DA:1816,4
DA:1822,4
DA:1830,0
DA:1838,0
DA:1846,0
DA:1852,0
DA:1858,0
DA:1864,0
DA:1870,0
DA:1876,0
DA:1882,0
DA:1888,0
DA:1894,0
DA:1900,0
DA:1906,0
DA:1912,0
DA:1918,0
DA:1924,0
DA:1930,0
DA:1936,0
DA:1942,0
DA:1948,0
DA:1954,0
DA:1960,0
DA:1966,0
DA:1972,0
DA:1978,0
DA:1984,0
DA:1990,0
DA:1996,0
DA:2002,0
DA:2008,0
DA:2014,0
DA:2020,0
DA:2026,0
DA:2032,0
DA:2038,0
DA:2044,0
DA:2050,0
DA:2054,0
DA:2067,52
DA:2069,52
DA:2070,52
DA:2071,52
DA:2073,52
DA:2074,52
DA:2080,52
DA:2082,52
DA:2083,52
DA:2084,16
DA:2086,36
DA:2088,52
DA:2097,0
DA:2100,0
DA:2102,0
DA:2109,0
DA:2111,0
DA:2112,0
DA:2113,0
DA:2114,0
DA:2116,0
DA:2117,0
DA:2118,0
DA:2119,0
DA:2121,0
DA:2122,0
DA:2123,0
DA:2127,0
DA:2128,0
DA:2131,0
DA:2132,0
DA:2133,0
DA:2139,0
DA:2141,0
DA:2146,0
DA:2149,0
DA:2150,0
DA:2154,0
DA:2156,0
DA:2162,0
DA:2190,0
DA:2194,0
DA:2195,0
DA:2197,0
DA:2198,0
DA:2200,0
DA:2201,0
DA:2202,0
DA:2207,0
DA:2208,0
DA:2210,0
DA:2211,0
DA:2212,0
DA:2213,0
DA:2214,0
DA:2215,0
DA:2216,0
DA:2219,0
DA:2222,0
DA:2225,0
DA:2226,0
DA:2229,0
DA:2231,0
DA:2232,0
DA:2239,2
DA:2240,2
DA:2246,0
DA:2247,0
DA:2254,0
DA:2255,0
DA:2260,2
DA:2264,0
DA:2265,0
DA:2270,2
DA:2271,2
DA:2272,8
DA:2274,4
DA:2275,4
DA:2276,4
DA:2279,2
DA:2280,0
DA:2283,2
DA:2284,0
DA:2286,2
LF:368
LH:98
end_of_record
SF:/home/Compiler_Lab/lab2.1/Code/syntax.y
DA:79,2
DA:81,2
DA:83,2
DA:84,2
DA:85,2
DA:87,2
DA:89,2
DA:102,4
DA:103,2
DA:108,0
DA:109,0
DA:111,4
DA:112,0
DA:113,0
DA:114,0
DA:115,0
DA:116,0
DA:117,0
DA:120,0
DA:127,0
DA:128,0
DA:130,0
DA:134,0
DA:136,0
DA:137,0
DA:141,0
DA:147,0
DA:148,0
DA:151,0
DA:152,0
DA:155,0
DA:158,0
DA:162,0
DA:163,0
DA:166,0
DA:167,0
DA:168,0
DA:173,0
DA:179,0
DA:184,2
DA:185,2
DA:188,4
DA:191,2
DA:192,4
DA:195,4
DA:198,2
DA:199,2
DA:202,4
DA:205,4
DA:208,0
DA:209,2
DA:211,4
DA:214,4
DA:219,0
DA:224,0
DA:227,0
DA:229,0
DA:234,0
DA:235,0
DA:236,0
DA:237,0
DA:238,0
DA:240,0
DA:245,0
DA:247,0
DA:250,0
DA:251,0
DA:254,0
DA:255,0
DA:259,0
DA:263,0
DA:267,0
DA:269,0
DA:270,0
DA:271,0
DA:272,0
DA:273,0
DA:274,0
DA:275,0
DA:276,0
DA:277,0
DA:279,0
DA:281,0
DA:283,0
DA:284,0
DA:286,0
DA:288,0
DA:289,0
DA:290,0
DA:291,0
LF:90
LH:23
end_of_record
TN:
SF:/home/Compiler_Lab/lab2.1/Code/jsw_rbtree.c
FN:55,is_red
FN:70,jsw_single
FN:93,jsw_double
FN:114,new_node
FN:143,jsw_rbnew
FN:170,jsw_rbdelete
FN:215,jsw_rbfind
FN:250,jsw_rbinsert
FN:362,jsw_rberase
FN:473,jsw_rbsize
FN:489,jsw_rbtnew
FN:503,jsw_rbtdelete
FN:522,start
FN:554,move
FN:598,jsw_rbtfirst
FN:611,jsw_rbtlast
FN:623,jsw_rbtnext
FN:635,jsw_rbtprev
FNDA:50,is_red
FNDA:4,jsw_single
FNDA:2,jsw_double
FNDA:10,new_node
FNDA:2,jsw_rbnew
FNDA:0,jsw_rbdelete
FNDA:0,jsw_rbfind
FNDA:10,jsw_rbinsert
FNDA:0,jsw_rberase
FNDA:0,jsw_rbsize
FNDA:0,jsw_rbtnew
FNDA:0,jsw_rbtdelete
FNDA:0,start
FNDA:0,move
FNDA:0,jsw_rbtfirst
FNDA:0,jsw_rbtlast
FNDA:0,jsw_rbtnext
FNDA:0,jsw_rbtprev
FNF:18
FNH:6
DA:55,50
DA:57,50
DA:70,4
DA:72,4
DA:74,4
DA:75,4
DA:77,4
DA:78,4
DA:80,4
DA:93,2
DA:95,2
DA:97,2
DA:114,10
DA:116,10
DA:118,10
DA:120,0
DA:123,10
DA:124,10
DA:125,10
DA:127,10
DA:143,2
DA:145,2
DA:147,2
DA:149,0
DA:152,2
DA:153,2
DA:154,2
DA:155,2
DA:156,2
DA:158,2
DA:170,0
DA:172,0
DA:180,0
DA:182,0
DA:185,0
DA:186,0
DA:187,0
DA:192,0
DA:193,0
DA:194,0
DA:197,0
DA:200,0
DA:201,0
DA:215,0
DA:217,0
DA:219,0
DA:221,0
DA:223,0
DA:225,0
DA:232,0
DA:235,0
DA:250,10
DA:252,10
DA:258,2
DA:260,2
DA:262,0
DA:267,8
DA:270,8
DA:273,8
DA:274,8
DA:275,8
DA:280,22
DA:283,8
DA:285,8
DA:287,0
DA:290,14
DA:293,2
DA:294,2
DA:295,2
DA:298,22
DA:301,2
DA:303,2
DA:305,0
DA:309,2
DA:317,22
DA:319,8
DA:322,14
DA:323,14
DA:326,14
DA:328,0
DA:331,14
DA:332,14
DA:333,14
DA:336,8
DA:340,10
DA:341,10
DA:343,10
DA:362,0
DA:364,0
DA:366,0
DA:368,0
DA:369,0
DA:372,0
DA:373,0
DA:374,0
DA:380,0
DA:382,0
DA:385,0
DA:386,0
DA:387,0
DA:393,0
DA:395,0
DA:399,0
DA:401,0
DA:403,0
DA:405,0
DA:407,0
DA:409,0
DA:411,0
DA:414,0
DA:415,0
DA:416,0
DA:420,0
DA:422,0
DA:424,0
DA:426,0
DA:428,0
DA:432,0
DA:433,0
DA:434,0
DA:442,0
DA:444,0
DA:445,0
DA:446,0
DA:447,0
DA:448,0
DA:452,0
DA:455,0
DA:457,0
DA:460,0
DA:463,0
DA:473,0
DA:475,0
DA:489,0
DA:491,0
DA:503,0
DA:505,0
DA:506,0
DA:522,0
DA:524,0
DA:525,0
DA:526,0
DA:529,0
DA:531,0
DA:533,0
DA:534,0
DA:538,0
DA:554,0
DA:556,0
DA:559,0
DA:560,0
DA:562,0
DA:564,0
DA:565,0
DA:575,0
DA:577,0
DA:578,0
DA:581,0
DA:582,0
DA:584,0
DA:587,0
DA:598,0
DA:600,0
DA:611,0
DA:613,0
DA:623,0
DA:625,0
DA:635,0
DA:637,0
LF:169
LH:60
end_of_record
TN:
SF:/home/Compiler_Lab/lab2.1/Code/9.c
FN:10,pro901IAction
FN:25,pro901SAction
FN:42,pro903IAction
FN:57,pro903SAction
FN:65,pro904IAction
FN:80,pro904SAction
FN:97,pro905IAction
FN:112,pro905SAction
FN:123,pro906IAction
FN:138,pro906SAction
FN:164,pro907SAction
FN:185,pro908SAction
FN:191,initActionTable9
FNDA:0,pro901IAction
FNDA:0,pro901SAction
FNDA:0,pro903IAction
FNDA:0,pro903SAction
FNDA:0,pro904IAction
FNDA:0,pro904SAction
FNDA:0,pro905IAction
FNDA:0,pro905SAction
FNDA:0,pro906IAction
FNDA:0,pro906SAction
FNDA:0,pro907SAction
FNDA:0,pro908SAction
FNDA:2,initActionTable9
FNF:13
FNH:1
DA:10,0
DA:12,0
DA:14,0
DA:15,0
DA:16,0
DA:17,0
DA:18,0
DA:20,0
DA:22,0
DA:24,0
DA:25,0
DA:27,0
DA:28,0
DA:30,0
DA:32,0
DA:33,0
DA:35,0
DA:36,0
DA:42,0
DA:44,0
DA:46,0
DA:47,0
DA:48,0
DA:49,0
DA:50,0
DA:52,0
DA:54,0
DA:56,0
DA:57,0
DA:59,0
DA:60,0
DA:62,0
DA:63,0
DA:65,0
DA:67,0
DA:69,0
DA:70,0
DA:71,0
DA:72,0
DA:73,0
DA:75,0
DA:77,0
DA:79,0
DA:80,0
DA:82,0
DA:83,0
DA:85,0
DA:87,0
DA:88,0
DA:90,0
DA:91,0
DA:97,0
DA:99,0
DA:101,0
DA:102,0
DA:103,0
DA:104,0
DA:105,0
DA:107,0
DA:109,0
DA:111,0
DA:112,0
DA:114,0
DA:115,0
DA:116,0
DA:117,0
DA:121,0
DA:123,0
DA:125,0
DA:127,0
DA:128,0
DA:129,0
DA:130,0
DA:131,0
DA:133,0
DA:135,0
DA:137,0
DA:138,0
DA:140,0
DA:141,0
DA:142,0
DA:143,0
DA:145,0
DA:147,0
DA:148,0
DA:149,0
DA:150,0
DA:151,0
DA:152,0
DA:158,0
DA:164,0
DA:166,0
DA:167,0
DA:168,0
DA:169,0
DA:171,0
DA:173,0
DA:180,0
DA:185,0
DA:187,0
DA:188,0
DA:189,0
DA:191,2
DA:193,2
DA:194,2
DA:195,2
LF:106
LH:4
end_of_record
TN:
SF:/home/Compiler_Lab/lab2.1/Code/symbol_table.c
FN:6,compSymbol
FN:11,dupSymbol
FN:19,deleteSymbol
FN:24,newSymbolTable
FN:36,delSymbolTable
FN:50,insertSymbol
FN:69,eraseSymbol
FN:86,findSymbol
FN:100,initSymbolTableStack
FN:117,currentSymbolTable
FN:124,pushSymbolTable
FN:164,popSymbolTable
FN:177,cleanSymbolTableStack
FN:187,printSymbolTable
FN:216,printGlobalSymbolTable
FN:224,addSymbol
FN:229,getASTNode
FN:245,createInnerSymbolTable
FN:251,gotoOuterSymbolTable
FN:256,cleanSymbolTable
FNDA:36,compSymbol
FNDA:10,dupSymbol
FNDA:0,deleteSymbol
FNDA:2,newSymbolTable
FNDA:0,delSymbolTable
FNDA:10,insertSymbol
FNDA:0,eraseSymbol
FNDA:0,findSymbol
FNDA:2,initSymbolTableStack
FNDA:10,currentSymbolTable
FNDA:0,pushSymbolTable
FNDA:0,popSymbolTable
FNDA:0,cleanSymbolTableStack
FNDA:0,printSymbolTable
FNDA:0,printGlobalSymbolTable
FNDA:10,addSymbol
FNDA:0,getASTNode
FNDA:0,createInnerSymbolTable
FNDA:0,gotoOuterSymbolTable
FNDA:0,cleanSymbolTable
FNF:20
FNH:7
DA:6,36
DA:8,36
DA:11,10
DA:14,10
DA:15,10
DA:16,10
DA:19,0
DA:21,0
DA:22,0
DA:24,2
DA:27,2
DA:28,2
DA:29,2
DA:30,2
DA:31,2
DA:32,2
DA:33,2
DA:36,0
DA:38,0
DA:39,0
DA:41,0
DA:42,0
DA:43,0
DA:45,0
DA:46,0
DA:47,0
DA:48,0
DA:50,10
DA:54,10
DA:55,10
DA:56,10
DA:58,10
DA:59,10
DA:61,0
DA:62,0
DA:63,0
DA:65,10
DA:66,10
DA:69,0
DA:72,0
DA:73,0
DA:75,0
DA:76,0
DA:78,0
DA:79,0
DA:80,0
DA:82,0
DA:83,0
DA:86,0
DA:89,0
DA:90,0
DA:91,0
DA:100,2
DA:102,2
DA:103,2
DA:104,2
DA:105,2
DA:106,2
DA:107,2
DA:108,2
DA:110,2
DA:111,2
DA:112,2
DA:113,2
DA:114,2
DA:115,2
DA:117,10
DA:119,10
DA:120,10
DA:121,10
DA:124,0
DA:126,0
DA:127,0
DA:128,0
DA:129,0
DA:131,0
DA:135,0
DA:137,0
DA:139,0
DA:142,0
DA:143,0
DA:144,0
DA:145,0
DA:146,0
DA:147,0
DA:149,0
DA:150,0
DA:151,0
DA:152,0
DA:154,0
DA:155,0
DA:156,0
DA:158,0
DA:162,0
DA:164,0
DA:166,0
DA:167,0
DA:168,0
DA:169,0
DA:171,0
DA:175,0
DA:177,0
DA:179,0
DA:181,0
DA:183,0
DA:184,0
DA:185,0
DA:187,0
DA:189,0
DA:191,0
DA:192,0
DA:194,0
DA:196,0
DA:198,0
DA:200,0
DA:201,0
DA:202,0
DA:204,0
DA:205,0
DA:206,0
DA:208,0
DA:214,0
DA:216,0
DA:218,0
DA:219,0
DA:224,10
DA:226,10
DA:229,0
DA:231,0
DA:232,0
DA:234,0
DA:235,0
DA:236,0
DA:238,0
DA:240,0
DA:242,0
DA:245,0
DA:247,0
DA:248,0
DA:249,0
DA:251,0
DA:253,0
DA:254,0
DA:256,0
DA:258,0
DA:259,0
LF:146
LH:42
end_of_record
TN:
SF:/home/Compiler_Lab/lab2.1/Code/syntax_tree.c
FN:7,new_token_node
FN:42,new_parent_node
FN:77,clean_up_syntax_tree
FN:106,print_child_node
FNDA:76,new_token_node
FNDA:52,new_parent_node
FNDA:0,clean_up_syntax_tree
FNDA:64,print_child_node
FNF:4
FNH:3
DA:7,76
DA:9,76
DA:10,76
DA:11,76
DA:12,76
DA:13,76
DA:15,76
DA:17,0
DA:22,76
DA:23,76
DA:24,798
DA:26,646
DA:27,646
DA:30,76
DA:31,76
DA:32,76
DA:35,76
DA:36,76
DA:37,76
DA:42,52
DA:44,52
DA:45,52
DA:47,52
DA:50,52
DA:51,52
DA:52,52
DA:53,114
DA:55,62
DA:57,42
DA:58,42
DA:62,20
DA:63,20
DA:65,62
DA:67,52
DA:69,52
DA:71,42
DA:72,42
DA:74,52
DA:77,0
DA:79,0
DA:80,0
DA:81,0
DA:83,0
DA:84,0
DA:85,0
DA:87,0
DA:88,0
DA:89,0
DA:92,0
DA:94,0
DA:95,0
DA:97,0
DA:99,0
DA:100,0
DA:102,0
DA:103,0
DA:106,64
DA:109,430
DA:111,366
DA:114,64
DA:116,64
DA:117,190
DA:119,62
DA:120,62
DA:122,64
LF:65
LH:46
end_of_record
TN:
SF:/home/Compiler_Lab/lab2.1/Code/4.c
FN:15,pro401SAction
FN:69,pro402SAction
FN:105,pro403SAction
FN:137,pro404SAction
FN:167,pro405SAction
FN:206,pro406SAction
FN:243,pro407IAction
FN:260,pro407SAction
FN:285,pro408IAction
FN:294,pro408SAction
FN:325,pro409SAction
FN:345,pro410IAction
FN:353,pro410SAction
FN:369,pro411IAction
FN:377,pro411SAction
FN:383,pro412IAction
FN:416,pro413SAction
FN:422,initActionTable4
FNDA:0,pro401SAction
FNDA:0,pro402SAction
FNDA:0,pro403SAction
FNDA:0,pro404SAction
FNDA:0,pro405SAction
FNDA:0,pro406SAction
FNDA:0,pro407IAction
FNDA:0,pro407SAction
FNDA:0,pro408IAction
FNDA:0,pro408SAction
FNDA:0,pro409SAction
FNDA:0,pro410IAction
FNDA:0,pro410SAction
FNDA:0,pro411IAction
FNDA:0,pro411SAction
FNDA:0,pro412IAction
FNDA:0,pro413SAction
FNDA:2,initActionTable4
FNF:18
FNH:1
DA:15,0
DA:16,0
DA:17,0
DA:18,0
DA:19,0
DA:21,0
DA:23,0
DA:24,0
DA:26,0
DA:27,0
DA:28,0
DA:29,0
DA:30,0
DA:31,0
DA:32,0
DA:33,0
DA:34,0
DA:36,0
DA:37,0
DA:43,0
DA:50,0
DA:69,0
DA:71,0
DA:72,0
DA:74,0
DA:75,0
DA:76,0
DA:77,0
DA:78,0
DA:79,0
DA:80,0
DA:81,0
DA:83,0
DA:84,0
DA:90,0
DA:97,0
DA:105,0
DA:106,0
DA:108,0
DA:109,0
DA:110,0
DA:111,0
DA:112,0
DA:114,0
DA:115,0
DA:116,0
DA:119,0
DA:120,0
DA:121,0
DA:122,0
DA:123,0
DA:124,0
DA:129,0
DA:132,0
DA:133,0
DA:137,0
DA:139,0
DA:140,0
DA:142,0
DA:143,0
DA:144,0
DA:145,0
DA:146,0
DA:147,0
DA:148,0
DA:149,0
DA:151,0
DA:152,0
DA:158,0
DA:159,0
DA:167,0
DA:168,0
DA:169,0
DA:170,0
DA:173,0
DA:174,0
DA:175,0
DA:176,0
DA:177,0
DA:178,0
DA:181,0
DA:184,0
DA:185,0
DA:187,0
DA:188,0
DA:189,0
DA:191,0
DA:192,0
DA:194,0
DA:197,0
DA:199,0
DA:201,0
DA:202,0
DA:206,0
DA:207,0
DA:209,0
DA:210,0
DA:211,0
DA:212,0
DA:216,0
DA:217,0
DA:219,0
DA:220,0
DA:223,0
DA:225,0
DA:226,0
DA:231,0
DA:233,0
DA:235,0
DA:236,0
DA:243,0
DA:244,0
DA:246,0
DA:247,0
DA:248,0
DA:249,0
DA:254,0
DA:255,0
DA:257,0
DA:260,0
DA:261,0
DA:262,0
DA:263,0
DA:264,0
DA:271,0
DA:273,0
DA:274,0
DA:275,0
DA:276,0
DA:280,0
DA:285,0
DA:287,0
DA:289,0
DA:291,0
DA:294,0
DA:295,0
DA:297,0
DA:298,0
DA:299,0
DA:300,0
DA:302,0
DA:303,0
DA:308,0
DA:310,0
DA:312,0
DA:319,0
DA:325,0
DA:327,0
DA:328,0
DA:330,0
DA:331,0
DA:333,0
DA:337,0
DA:343,0
DA:345,0
DA:347,0
DA:349,0
DA:350,0
DA:352,0
DA:353,0
DA:355,0
DA:356,0
DA:361,0
DA:369,0
DA:371,0
DA:373,0
DA:374,0
DA:376,0
DA:377,0
DA:379,0
DA:380,0
DA:381,0
DA:383,0
DA:385,0
DA:387,0
DA:388,0
DA:389,0
DA:390,0
DA:393,0
DA:394,0
DA:395,0
DA:396,0
DA:397,0
DA:399,0
DA:400,0
DA:402,0
DA:403,0
DA:404,0
DA:405,0
DA:406,0
DA:407,0
DA:408,0
DA:409,0
DA:410,0
DA:411,0
DA:412,0
DA:414,0
DA:416,0
DA:418,0
DA:419,0
DA:420,0
DA:422,2
DA:427,2
DA:428,2
DA:431,2
LF:205
LH:4
end_of_record
TN:
SF:/home/Compiler_Lab/lab2.1/Code/lex.yy.c
FN:763,yylex
FN:1422,yy_get_next_buffer
FN:1556,yy_get_previous_state
FN:1588,yy_try_NUL_trans
FN:1611,yyunput
FN:1656,input
FN:1736,yyrestart
FN:1753,yy_switch_to_buffer
FN:1784,yy_load_buffer_state
FN:1798,yy_create_buffer
FN:1826,yy_delete_buffer
FN:1845,yy_init_buffer
FN:1873,yy_flush_buffer
FN:1902,yypush_buffer_state
FN:1932,yypop_buffer_state
FN:1951,yyensure_buffer_stack
FN:2000,yy_scan_buffer
FN:2037,yy_scan_string
FN:2050,yy_scan_bytes
FN:2084,yy_fatal_error
FN:2112,yyget_lineno
FN:2121,yyget_in
FN:2129,yyget_out
FN:2137,yyget_leng
FN:2146,yyget_text
FN:2155,yyset_lineno
FN:2167,yyset_in
FN:2172,yyset_out
FN:2177,yyget_debug
FN:2182,yyset_debug
FN:2187,yy_init_globals
FN:2219,yylex_destroy
FN:2264,yyalloc
FN:2269,yyrealloc
FN:2281,yyfree
FNDA:26,yylex
FNDA:4,yy_get_next_buffer
FNDA:2,yy_get_previous_state
FNDA:0,yy_try_NUL_trans
FNDA:0,yyunput
FNDA:0,input
FNDA:4,yyrestart
FNDA:0,yy_switch_to_buffer
FNDA:10,yy_load_buffer_state
FNDA:2,yy_create_buffer
FNDA:2,yy_delete_buffer
FNDA:6,yy_init_buffer
FNDA:6,yy_flush_buffer
FNDA:0,yypush_buffer_state
FNDA:2,yypop_buffer_state
FNDA:2,yyensure_buffer_stack
FNDA:0,yy_scan_buffer
FNDA:0,yy_scan_string
FNDA:0,yy_scan_bytes
FNDA:0,yy_fatal_error
FNDA:0,yyget_lineno
FNDA:0,yyget_in
FNDA:0,yyget_out
FNDA:0,yyget_leng
FNDA:0,yyget_text
FNDA:0,yyset_lineno
FNDA:0,yyset_in
FNDA:0,yyset_out
FNDA:0,yyget_debug
FNDA:0,yyset_debug
FNDA:2,yy_init_globals
FNDA:2,yylex_destroy
FNDA:6,yyalloc
FNDA:0,yyrealloc
FNDA:6,yyfree
FNF:35
FNH:15
DA:763,26
DA:769,26
DA:771,2
DA:777,2
DA:778,2
DA:780,2
DA:781,0
DA:783,2
DA:784,2
DA:786,2
DA:787,0
DA:788,0
DA:789,0
DA:792,2
DA:802,40
DA:805,40
DA:810,40
DA:812,40
DA:816,140
DA:817,140
DA:819,98
DA:820,98
DA:822,368
DA:824,88
DA:825,88
DA:826,52
DA:828,140
DA:829,140
DA:831,140
DA:834,42
DA:835,42
DA:837,36
DA:838,36
DA:839,36
DA:842,42
DA:844,42
DA:847,12
DA:848,6
DA:850,6
DA:856,44
DA:860,0
DA:861,0
DA:862,0
DA:863,0
DA:867,6
DA:1283,2
DA:1288,4
DA:1291,4
DA:1294,4
DA:1305,2
DA:1306,2
DA:1307,2
DA:1317,4
DA:1321,0
DA:1323,0
DA:1334,0
DA:1336,0
DA:1338,0
DA:1341,0
DA:1342,0
DA:1343,0
DA:1348,0
DA:1349,0
DA:1353,4
DA:1357,2
DA:1359,2
DA:1370,2
DA:1372,2
DA:1373,2
DA:1378,0
DA:1379,0
DA:1381,0
DA:1385,2
DA:1386,2
DA:1388,2
DA:1390,2
DA:1391,2
DA:1392,2
DA:1395,0
DA:1396,0
DA:1398,0
DA:1400,0
DA:1401,0
DA:1402,0
DA:1404,0
DA:1408,0
DA:1411,14
DA:1422,4
DA:1424,4
DA:1425,4
DA:1429,4
DA:1430,0
DA:1433,4
DA:1435,0
DA:1440,0
DA:1448,0
DA:1455,4
DA:1457,4
DA:1458,0
DA:1460,4
DA:1464,0
DA:1468,4
DA:1469,4
DA:1471,8
DA:1475,0
DA:1477,0
DA:1478,0
DA:1480,0
DA:1482,0
DA:1484,0
DA:1485,0
DA:1487,0
DA:1489,0
DA:1491,0
DA:1495,0
DA:1497,0
DA:1498,0
DA:1501,0
DA:1503,0
DA:1508,4
DA:1509,4
DA:1512,4
DA:1515,4
DA:1518,4
DA:1520,2
DA:1522,2
DA:1523,2
DA:1528,0
DA:1529,0
DA:1535,2
DA:1537,4
DA:1539,0
DA:1540,0
DA:1541,0
DA:1542,0
DA:1545,4
DA:1546,4
DA:1547,4
DA:1549,4
DA:1551,4
DA:1556,2
DA:1561,2
DA:1563,2
DA:1565,0
DA:1566,0
DA:1568,0
DA:1569,0
DA:1571,0
DA:1573,0
DA:1574,0
DA:1575,0
DA:1577,0
DA:1580,2
DA:1588,0
DA:1591,0
DA:1593,0
DA:1594,0
DA:1596,0
DA:1597,0
DA:1599,0
DA:1601,0
DA:1602,0
DA:1603,0
DA:1605,0
DA:1606,0
DA:1608,0
DA:1611,0
DA:1615,0
DA:1618,0
DA:1620,0
DA:1623,0
DA:1624,0
DA:1625,0
DA:1626,0
DA:1627,0
DA:1629,0
DA:1630,0
DA:1632,0
DA:1633,0
DA:1634,0
DA:1635,0
DA:1637,0
DA:1638,0
DA:1641,0
DA:1643,0
DA:1644,0
DA:1647,0
DA:1648,0
DA:1649,0
DA:1650,0
DA:1656,0
DA:1662,0
DA:1664,0
DA:1670,0
DA:1672,0
DA:1676,0
DA:1677,0
DA:1679,0
DA:1693,0
DA:1699,0
DA:1700,0
DA:1702,0
DA:1703,0
DA:1707,0
DA:1712,0
DA:1713,0
DA:1718,0
DA:1719,0
DA:1720,0
DA:1722,0
DA:1724,0
DA:1727,0
DA:1736,4
DA:1739,4
DA:1740,2
DA:1741,4
DA:1742,2
DA:1745,4
DA:1746,4
DA:1747,4
DA:1753,0
DA:1761,0
DA:1762,0
DA:1763,0
DA:1765,0
DA:1768,0
DA:1769,0
DA:1770,0
DA:1773,0
DA:1774,0
DA:1781,0
DA:1784,10
DA:1786,10
DA:1787,10
DA:1788,10
DA:1789,10
DA:1790,10
DA:1798,2
DA:1802,2
DA:1803,2
DA:1804,0
DA:1806,2
DA:1811,2
DA:1812,2
DA:1813,0
DA:1815,2
DA:1817,2
DA:1819,2
DA:1826,2
DA:1829,2
DA:1830,2
DA:1832,2
DA:1833,2
DA:1835,2
DA:1836,2
DA:1838,2
DA:1845,6
DA:1848,6
DA:1850,6
DA:1852,6
DA:1853,6
DA:1859,6
DA:1860,2
DA:1861,2
DA:1864,6
DA:1866,6
DA:1867,6
DA:1873,6
DA:1875,6
DA:1876,6
DA:1878,6
DA:1884,6
DA:1885,6
DA:1887,6
DA:1889,6
DA:1890,6
DA:1892,6
DA:1893,4
DA:1902,0
DA:1904,0
DA:1905,0
DA:1907,0
DA:1910,0
DA:1913,0
DA:1914,0
DA:1915,0
DA:1919,0
DA:1920,0
DA:1921,0
DA:1924,0
DA:1925,0
DA:1932,2
DA:1934,2
DA:1935,4
DA:1937,0
DA:1938,0
DA:1939,0
DA:1940,0
DA:1942,0
DA:1943,0
DA:1944,0
DA:1951,2
DA:1955,2
DA:1961,2
DA:1962,2
DA:1965,2
DA:1966,0
DA:1968,2
DA:1970,2
DA:1971,2
DA:1972,4
DA:1975,0
DA:1978,0
DA:1980,0
DA:1981,0
DA:1985,0
DA:1986,0
DA:1989,0
DA:1990,0
DA:2000,0
DA:2004,0
DA:2005,0
DA:2006,0
DA:2008,0
DA:2010,0
DA:2011,0
DA:2012,0
DA:2014,0
DA:2015,0
DA:2016,0
DA:2017,0
DA:2018,0
DA:2019,0
DA:2020,0
DA:2021,0
DA:2022,0
DA:2024,0
DA:2026,0
DA:2037,0
DA:2040,0
DA:2050,0
DA:2058,0
DA:2059,0
DA:2060,0
DA:2061,0
DA:2063,0
DA:2064,0
DA:2066,0
DA:2068,0
DA:2069,0
DA:2070,0
DA:2075,0
DA:2077,0
DA:2084,0
DA:2086,0
DA:2087,0
DA:2112,0
DA:2115,0
DA:2121,0
DA:2123,0
DA:2129,0
DA:2131,0
DA:2137,0
DA:2139,0
DA:2146,0
DA:2148,0
DA:2155,0
DA:2158,0
DA:2159,0
DA:2167,0
DA:2169,0
DA:2170,0
DA:2172,0
DA:2174,0
DA:2175,0
DA:2177,0
DA:2179,0
DA:2182,0
DA:2184,0
DA:2185,0
DA:2187,2
DA:2194,2
DA:2196,2
DA:2197,2
DA:2198,2
DA:2199,2
DA:2200,2
DA:2201,2
DA:2208,2
DA:2209,2
DA:2215,2
DA:2219,2
DA:2223,6
DA:2224,2
DA:2225,2
DA:2226,2
DA:2230,2
DA:2231,2
DA:2235,2
DA:2237,2
DA:2264,6
DA:2266,6
DA:2269,0
DA:2278,0
DA:2281,6
DA:2283,6
DA:2284,6
LF:407
LH:178
end_of_record
SF:/home/Compiler_Lab/lab2.1/Code/lexical.l
FN:271,print_loc_info
FN:278,comment
FNDA:38,print_loc_info
FNDA:0,comment
FNF:2
FNH:1
DA:39,6
DA:40,6
DA:41,6
DA:42,6
DA:44,14
DA:45,14
DA:46,14
DA:47,0
DA:48,0
DA:49,0
DA:52,2
DA:53,4
DA:54,2
DA:57,0
DA:58,0
DA:59,0
DA:62,0
DA:63,0
DA:64,0
DA:67,0
DA:68,0
DA:69,0
DA:72,0
DA:73,0
DA:74,0
DA:77,0
DA:78,0
DA:79,0
DA:82,0
DA:83,0
DA:84,0
DA:87,0
DA:88,0
DA:89,0
DA:92,0
DA:93,0
DA:94,0
DA:97,0
DA:98,0
DA:99,0
DA:102,0
DA:103,0
DA:104,0
DA:107,0
DA:108,0
DA:109,0
DA:112,0
DA:113,0
DA:114,0
DA:117,0
DA:118,0
DA:119,0
DA:122,0
DA:123,0
DA:124,0
DA:127,0
DA:128,0
DA:129,0
DA:132,0
DA:133,0
DA:134,0
DA:137,0
DA:138,0
DA:139,0
DA:142,4
DA:143,8
DA:144,4
DA:147,0
DA:148,0
DA:149,0
DA:152,0
DA:153,0
DA:154,0
DA:157,0
DA:158,0
DA:159,0
DA:162,0
DA:163,0
DA:164,0
DA:167,0
DA:168,0
DA:169,0
DA:172,0
DA:173,0
DA:174,0
DA:177,0
DA:178,0
DA:179,0
DA:182,0
DA:183,0
DA:184,0
DA:187,0
DA:188,0
DA:189,0
DA:192,0
DA:193,0
DA:194,0
DA:197,0
DA:198,0
DA:199,0
DA:202,0
DA:203,0
DA:204,0
DA:207,0
DA:208,0
DA:209,0
DA:212,0
DA:213,0
DA:214,0
DA:217,0
DA:218,0
DA:219,0
DA:222,0
DA:223,0
DA:224,0
DA:227,0
DA:228,0
DA:229,0
DA:233,0
DA:234,0
DA:235,0
DA:236,0
DA:237,0
DA:238,0
DA:242,0
DA:243,0
DA:244,0
DA:245,0
DA:246,0
DA:247,0
DA:251,4
DA:252,4
DA:253,4
DA:254,4
DA:258,8
DA:259,8
DA:260,8
DA:261,8
DA:264,0
DA:265,0
DA:266,0
DA:269,0
DA:270,0
DA:271,38
DA:276,38
DA:278,0
DA:283,0
DA:290,0
DA:295,0
DA:304,0
LF:150
LH:23
end_of_record
SF:/home/Compiler_Lab/lab2.1/Code/main.c
FN:8,main
FN:28,yyerror
FN:34,yyerror_lineno
FNDA:2,main
FNDA:0,yyerror
FNDA:0,yyerror_lineno
FNF:3
FNH:1
DA:8,2
DA:10,2
DA:12,0
DA:14,2
DA:15,2
DA:17,0
DA:18,0
DA:21,2
DA:22,2
DA:23,2
DA:24,2
DA:25,2
DA:28,0
DA:30,0
DA:31,0
DA:32,0
DA:33,0
DA:34,0
DA:36,0
DA:37,0
DA:38,0
DA:39,0
LF:22
LH:9
end_of_record
TN:
SF:/home/Compiler_Lab/lab2.1/Code/3.c
FN:20,pro310IAction
FN:27,pro310SAction
FN:32,initActionTable3
FNDA:0,pro310IAction
FNDA:0,pro310SAction
FNDA:2,initActionTable3
FNF:3
FNH:1
DA:20,0
DA:22,0
DA:24,0
DA:26,0
DA:27,0
DA:29,0
DA:30,0
DA:32,2
DA:34,2
DA:35,2
DA:36,2
LF:11
LH:4
end_of_record
TN:
SF:/home/Compiler_Lab/lab2.1/Code/SDTAction.c
FN:3,allocPointer
FN:4,deallocPointer
FN:5,noallocPointer
FN:14,initActionTable
FN:36,proNum2TableIndex
FN:53,cleanActionTable
FN:64,registerIAction
FN:72,registerSAction
FN:80,traversalTreePerformAction
FN:125,printTypeInfo
FNDA:4,allocPointer
FNDA:0,deallocPointer
FNDA:4,noallocPointer
FNDA:2,initActionTable
FNDA:200,proNum2TableIndex
FNDA:2,cleanActionTable
FNDA:38,registerIAction
FNDA:110,registerSAction
FNDA:64,traversalTreePerformAction
FNDA:0,printTypeInfo
FNF:10
FNH:8
DA:3,4
DA:4,0
DA:5,4
DA:14,2
DA:17,22
DA:19,20
DA:23,2
DA:24,2
DA:25,2
DA:26,2
DA:28,2
DA:29,2
DA:30,2
DA:31,2
DA:32,2
DA:33,2
DA:34,2
DA:36,200
DA:38,200
DA:40,200
DA:41,200
DA:44,1368
DA:46,1168
DA:49,200
DA:50,200
DA:53,2
DA:55,2
DA:56,2
DA:57,2
DA:59,2
DA:60,2
DA:61,2
DA:62,2
DA:64,38
DA:66,38
DA:67,38
DA:68,38
DA:69,38
DA:70,38
DA:72,110
DA:74,110
DA:75,110
DA:76,110
DA:77,110
DA:78,110
DA:80,64
DA:82,64
DA:83,64
DA:85,76
DA:87,52
DA:88,52
DA:90,52
DA:91,52
DA:93,18
DA:95,52
DA:100,166
DA:102,62
DA:104,62
DA:106,34
DA:108,62
DA:109,62
DA:115,52
DA:116,52
DA:118,36
DA:125,0
DA:127,0
DA:128,0
DA:130,0
DA:133,0
DA:134,0
DA:136,0
DA:137,0
DA:138,0
DA:139,0
DA:141,0
DA:142,0
DA:143,0
DA:144,0
DA:146,0
DA:147,0
DA:148,0
DA:149,0
DA:151,0
DA:152,0
DA:153,0
DA:157,0
DA:158,0
DA:159,0
DA:160,0
DA:161,0
DA:163,0
DA:165,0
DA:166,0
DA:168,0
DA:169,0
DA:171,0
DA:173,0
LF:97
LH:63
end_of_record
TN:
SF:/home/Compiler_Lab/lab2.1/Code/7.c
FN:9,pro701SAction
FN:14,pro702IAction
FN:24,pro702SAction
FN:35,pro703IAction
FN:42,pro703SAction
FN:61,pro704IAction
FN:67,pro704SAction
FN:85,pro706SAction
FN:104,pro707IAction
FN:111,pro707SAction
FN:116,pro708IAction
FN:123,pro708SAction
FN:134,pro709IAction
FN:141,pro709SAction
FN:171,pro710SAction
FN:186,pro711IAction
FN:193,pro711SAction
FN:218,pro712IAction
FN:225,pro712SAction
FN:261,pro713SAction
FN:287,pro714SAction
FN:309,initActionTable7
FNDA:2,pro701SAction
FNDA:6,pro702IAction
FNDA:2,pro702SAction
FNDA:12,pro703IAction
FNDA:4,pro703SAction
FNDA:6,pro704IAction
FNDA:2,pro704SAction
FNDA:4,pro706SAction
FNDA:4,pro707IAction
FNDA:2,pro707SAction
FNDA:6,pro708IAction
FNDA:2,pro708SAction
FNDA:12,pro709IAction
FNDA:4,pro709SAction
FNDA:4,pro710SAction
FNDA:0,pro711IAction
FNDA:0,pro711SAction
FNDA:6,pro712IAction
FNDA:2,pro712SAction
FNDA:4,pro713SAction
FNDA:4,pro714SAction
FNDA:2,initActionTable7
FNF:22
FNH:20
DA:9,2
DA:10,2
DA:11,2
DA:12,2
DA:14,6
DA:15,6
DA:17,2
DA:18,2
DA:20,2
DA:21,2
DA:23,6
DA:24,2
DA:25,2
DA:26,2
DA:28,2
DA:29,2
DA:30,2
DA:35,12
DA:36,12
DA:38,4
DA:39,4
DA:41,12
DA:42,4
DA:43,4
DA:44,4
DA:45,4
DA:46,4
DA:51,4
DA:53,4
DA:54,4
DA:55,4
DA:61,6
DA:62,6
DA:64,4
DA:66,6
DA:67,2
DA:68,2
DA:69,2
DA:70,2
DA:71,2
DA:76,2
DA:78,2
DA:79,2
DA:80,2
DA:85,4
DA:86,4
DA:87,4
DA:89,4
DA:90,4
DA:91,4
DA:92,4
DA:93,4
DA:94,4
DA:95,4
DA:97,4
DA:98,4
DA:104,4
DA:105,4
DA:107,2
DA:108,2
DA:110,4
DA:111,2
DA:112,2
DA:113,2
DA:114,2
DA:116,6
DA:117,6
DA:119,4
DA:120,4
DA:122,6
DA:123,2
DA:124,2
DA:125,2
DA:127,2
DA:128,2
DA:129,2
DA:134,12
DA:135,12
DA:137,4
DA:138,4
DA:140,12
DA:141,4
DA:142,4
DA:143,4
DA:144,4
DA:145,4
DA:150,4
DA:151,4
DA:152,4
DA:153,4
DA:154,4
DA:155,4
DA:156,4
DA:157,4
DA:158,4
DA:164,4
DA:165,4
DA:166,4
DA:171,4
DA:172,4
DA:173,4
DA:175,4
DA:176,4
DA:178,4
DA:179,4
DA:186,0
DA:187,0
DA:189,0
DA:190,0
DA:192,0
DA:193,0
DA:194,0
DA:195,0
DA:197,0
DA:199,0
DA:200,0
DA:204,0
DA:205,0
DA:206,0
DA:207,0
DA:208,0
DA:209,0
DA:210,0
DA:212,0
DA:214,0
DA:215,0
DA:216,0
DA:218,6
DA:219,6
DA:221,4
DA:222,4
DA:224,6
DA:225,2
DA:226,2
DA:227,2
DA:228,2
DA:229,2
DA:230,2
DA:231,2
DA:232,2
DA:234,2
DA:236,2
DA:238,2
DA:239,2
DA:240,2
DA:244,0
DA:245,0
DA:246,0
DA:247,0
DA:248,0
DA:249,0
DA:250,0
DA:252,2
DA:254,2
DA:255,2
DA:257,2
DA:258,2
DA:259,2
DA:261,4
DA:263,4
DA:265,4
DA:266,4
DA:268,4
DA:269,4
DA:270,4
DA:271,4
DA:272,4
DA:273,4
DA:275,4
DA:277,4
DA:278,4
DA:279,4
DA:281,4
DA:282,4
DA:287,4
DA:288,4
DA:289,4
DA:290,4
DA:291,4
DA:309,2
DA:311,2
DA:312,2
DA:313,2
LF:183
LH:154
end_of_record
